0 info it worked if it ends with ok
1 verbose cli [ 'D:\\Program Files\\nodejs\\node.exe',
1 verbose cli   'D:\\Program Files\\nodejs\\node_modules\\npm\\bin\\npm-cli.js',
1 verbose cli   'install',
1 verbose cli   '-g',
1 verbose cli   'cordova' ]
2 info using npm@3.10.10
3 info using node@v6.9.4
4 silly loadCurrentTree Starting
5 silly install loadCurrentTree
6 silly install readGlobalPackageData
7 silly fetchPackageMetaData cordova
8 silly fetchOtherPackageData cordova
9 silly cache add args [ 'cordova', null ]
10 verbose cache add spec cordova
11 silly cache add parsed spec Result {
11 silly cache add   raw: 'cordova',
11 silly cache add   scope: null,
11 silly cache add   escapedName: 'cordova',
11 silly cache add   name: null,
11 silly cache add   rawSpec: 'cordova',
11 silly cache add   spec: 'E:\\WorkSpaceNew\\Vue Project\\cordova-vnc\\cordova',
11 silly cache add   type: 'local' }
12 silly addLocalTarball shasum (computed) da39a3ee5e6b4b0d3255bfef95601890afd80709
13 verbose addTmpTarball E:\WorkSpaceNew\Vue Project\cordova-vnc\cordova not in flight; adding
14 verbose correctMkdir C:\Users\Kevin.Lian\AppData\Roaming\npm-cache correctMkdir not in flight; initializing
15 verbose addTmpTarball validating metadata from E:\WorkSpaceNew\Vue Project\cordova-vnc\cordova
16 verbose tar unpack E:\WorkSpaceNew\Vue Project\cordova-vnc\cordova
17 verbose tar unpacking to C:\Users\KEVIN~1.LIA\AppData\Local\Temp\npm-7724-4c3df025\unpack-3802f6fc
18 silly gentlyRm C:\Users\KEVIN~1.LIA\AppData\Local\Temp\npm-7724-4c3df025\unpack-3802f6fc is being purged
19 verbose gentlyRm don't care about contents; nuking C:\Users\KEVIN~1.LIA\AppData\Local\Temp\npm-7724-4c3df025\unpack-3802f6fc
20 silly gunzTarPerm modes [ '777', '666' ]
21 error tar.unpack error reading E:\WorkSpaceNew\Vue Project\cordova-vnc\cordova
22 error addLocal Could not install E:\WorkSpaceNew\Vue Project\cordova-vnc\cordova
23 silly fetchPackageMetaData Error: 0-byte tarball
23 silly fetchPackageMetaData Please run `npm cache clean`
23 silly fetchPackageMetaData     at D:\Program Files\nodejs\node_modules\npm\lib\utils\tar.js:287:14
23 silly fetchPackageMetaData     at D:\Program Files\nodejs\node_modules\npm\node_modules\graceful-fs\polyfills.js:267:18
23 silly fetchPackageMetaData     at FSReqWrap.oncomplete (fs.js:123:15)
23 silly fetchPackageMetaData  error for cordova Error: 0-byte tarball
23 silly fetchPackageMetaData Please run `npm cache clean`
23 silly fetchPackageMetaData     at D:\Program Files\nodejs\node_modules\npm\lib\utils\tar.js:287:14
23 silly fetchPackageMetaData     at D:\Program Files\nodejs\node_modules\npm\node_modules\graceful-fs\polyfills.js:267:18
23 silly fetchPackageMetaData     at FSReqWrap.oncomplete (fs.js:123:15)
24 silly rollbackFailedOptional Starting
25 silly rollbackFailedOptional Finishing
26 silly runTopLevelLifecycles Finishing
27 silly install printInstalled
28 verbose stack Error: 0-byte tarball
28 verbose stack Please run `npm cache clean`
28 verbose stack     at D:\Program Files\nodejs\node_modules\npm\lib\utils\tar.js:287:14
28 verbose stack     at D:\Program Files\nodejs\node_modules\npm\node_modules\graceful-fs\polyfills.js:267:18
28 verbose stack     at FSReqWrap.oncomplete (fs.js:123:15)
29 verbose cwd E:\WorkSpaceNew\Vue Project\cordova-vnc
30 error Windows_NT 6.1.7601
31 error argv "D:\\Program Files\\nodejs\\node.exe" "D:\\Program Files\\nodejs\\node_modules\\npm\\bin\\npm-cli.js" "install" "-g" "cordova"
32 error node v6.9.4
33 error npm  v3.10.10
34 error 0-byte tarball
34 error Please run `npm cache clean`
35 error If you need help, you may report this error at:
35 error     <https://github.com/npm/npm/issues>
36 verbose exit [ 1, true ]
